<?xml version="1.0" encoding="UTF-8"?>
<testng-results skipped="0" failed="0" ignored="0" total="1" passed="1">
  <reporter-output>
  </reporter-output>
  <suite name="Default suite" duration-ms="2174" started-at="2018-11-03T22:45:57Z" finished-at="2018-11-03T22:45:59Z">
    <groups>
    </groups>
    <test name="Default test" duration-ms="2174" started-at="2018-11-03T22:45:57Z" finished-at="2018-11-03T22:45:59Z">
      <class name="com.test.getapitest.GetAPITest">
        <test-method status="PASS" signature="setUp()[pri:0, instance:com.test.getapitest.GetAPITest@4cc0edeb]" name="setUp" is-config="true" duration-ms="9" started-at="2018-11-03T22:45:57Z" finished-at="2018-11-03T22:45:57Z">
          <reporter-output>
          </reporter-output>
        </test-method> <!-- setUp -->
        <test-method status="PASS" signature="getAPITest()[pri:0, instance:com.test.getapitest.GetAPITest@4cc0edeb]" name="getAPITest" duration-ms="2114" started-at="2018-11-03T22:45:57Z" finished-at="2018-11-03T22:45:59Z">
          <reporter-output>
          </reporter-output>
        </test-method> <!-- getAPITest -->
      </class> <!-- com.test.getapitest.GetAPITest -->
    </test> <!-- Default test -->
  </suite> <!-- Default suite -->
</testng-results>
