<?xml version="1.0" encoding="UTF-8"?>
<testng-results skipped="0" failed="0" ignored="0" total="1" passed="1">
  <reporter-output>
  </reporter-output>
  <suite name="Default suite" duration-ms="4747" started-at="2018-11-03T05:53:58Z" finished-at="2018-11-03T05:54:03Z">
    <groups>
    </groups>
    <test name="Default test" duration-ms="4747" started-at="2018-11-03T05:53:58Z" finished-at="2018-11-03T05:54:03Z">
      <class name="com.test.getapitest.GetAPITest">
        <test-method status="PASS" signature="setUp()[pri:0, instance:com.test.getapitest.GetAPITest@4cc0edeb]" name="setUp" is-config="true" duration-ms="8" started-at="2018-11-03T05:53:58Z" finished-at="2018-11-03T05:53:59Z">
          <reporter-output>
          </reporter-output>
        </test-method> <!-- setUp -->
        <test-method status="PASS" signature="getAPITest()[pri:0, instance:com.test.getapitest.GetAPITest@4cc0edeb]" name="getAPITest" duration-ms="4695" started-at="2018-11-03T05:53:59Z" finished-at="2018-11-03T05:54:03Z">
          <reporter-output>
          </reporter-output>
        </test-method> <!-- getAPITest -->
      </class> <!-- com.test.getapitest.GetAPITest -->
    </test> <!-- Default test -->
  </suite> <!-- Default suite -->
</testng-results>
